<?xml version="1.0" encoding="UTF-8"?>
<!-- Generated by org.testng.reporters.JUnitReportReporter -->
<testsuite skipped="0" hostname="Swara" name="com.tutorialsninja.testsuite.TopMenuTest" tests="3" failures="0" timestamp="2023-05-01T22:05:03 BST" time="20.591" errors="0">
  <testcase name="verifyUserShouldNavigateToLaptopsAndNotebooksPageSuccessfully" time="6.605" classname="com.tutorialsninja.testsuite.TopMenuTest"/>
  <system-out/>
  <testcase name="verifyUserShouldNavigateToComponentsPageSuccessfully" time="6.892" classname="com.tutorialsninja.testsuite.TopMenuTest"/>
  <system-out/>
  <testcase name="verifyUserShouldNavigateToDesktopsPageSuccessfully" time="7.094" classname="com.tutorialsninja.testsuite.TopMenuTest"/>
  <system-out/>
</testsuite> <!-- com.tutorialsninja.testsuite.TopMenuTest -->
