<?xml version="1.0" encoding="UTF-8"?>
<!-- Generated by org.testng.reporters.JUnitReportReporter -->
<testsuite skipped="0" hostname="Swara" name="com.tutorialsninja.testsuite.LaptopsAndNotebooksTest" tests="2" failures="0" timestamp="2023-05-01T22:05:03 BST" time="24.359" errors="0">
  <testcase name="verifyProductsPriceDisplayHighToLowSuccessfully" time="7.580" classname="com.tutorialsninja.testsuite.LaptopsAndNotebooksTest"/>
  <system-out/>
  <testcase name="verifyThatUserPlaceOrderSuccessfully" time="16.779" classname="com.tutorialsninja.testsuite.LaptopsAndNotebooksTest"/>
  <system-out/>
</testsuite> <!-- com.tutorialsninja.testsuite.LaptopsAndNotebooksTest -->
