<?xml version="1.0" encoding="UTF-8"?>
<!-- Generated by org.testng.reporters.JUnitReportReporter -->
<testsuite skipped="0" hostname="Swara" name="com.tutorialsninja.testsuite.MyAccountsTest" tests="4" failures="0" timestamp="2023-05-01T22:05:03 BST" time="35.767" errors="0">
  <testcase name="verifyThatUserShouldLoginAndLogoutSuccessfully" time="10.417" classname="com.tutorialsninja.testsuite.MyAccountsTest"/>
  <system-out/>
  <testcase name="verifyThatUserRegisterAccountSuccessfully" time="11.805" classname="com.tutorialsninja.testsuite.MyAccountsTest"/>
  <system-out/>
  <testcase name="verifyUserShouldNavigateToRegisterPageSuccessfully" time="6.900" classname="com.tutorialsninja.testsuite.MyAccountsTest"/>
  <system-out/>
  <testcase name="verifyUserShouldNavigateToLoginPageSuccessfully" time="6.645" classname="com.tutorialsninja.testsuite.MyAccountsTest"/>
  <system-out/>
</testsuite> <!-- com.tutorialsninja.testsuite.MyAccountsTest -->
