<?xml version="1.0" encoding="UTF-8"?>
<!-- Generated by org.testng.reporters.JUnitReportReporter -->
<testsuite skipped="0" hostname="Swara" name="com.tutorialsninja.testsuite.DesktopsTest" tests="2" failures="0" timestamp="2023-05-01T22:05:03 BST" time="40.598" errors="0">
  <testcase name="verifyProductArrangeInAlphabeticalOrder" time="9.481" classname="com.tutorialsninja.testsuite.DesktopsTest"/>
  <system-out/>
  <testcase name="verifyProductAddedToShoppingCartSuccessFully" time="31.117" classname="com.tutorialsninja.testsuite.DesktopsTest"/>
  <system-out/>
</testsuite> <!-- com.tutorialsninja.testsuite.DesktopsTest -->
